
* Started at 2018-01-04T07:59:58.379Z

* Settings
Project dir: .
Output dir: profile-out-3
Profiler: none
Benchmark: true
Versions: []
Gradle User Home: gradle-user-home
Targets: []

* Inspecting Gradle version '4.4.1'
Enabling incremental compiler
:help

Welcome to Gradle 4.4.1.

To run a build, run gradle <task> ...

To see a list of available tasks, run gradle tasks

To see a list of command-line options, run gradle --help

To see more detail about a task, run gradle help --task <task>

BUILD SUCCESSFUL in 3s
1 actionable task: 1 executed

* Stopping daemons
Stopping Daemon(s)
1 Daemon stopped

* Scenarios
Scenario: Java_ABI_Change_Single_Module using Gradle 4.4.1
  Gradle version: 4.4.1 (/Users/gesh/projects/gradle-performance-comparisons/single-large-half-kotlin-project/gradle-user-home/wrapper/dists/gradle-4.4.1-bin/46gopw3g8i1v3zqqx4q949t2x/gradle-4.4.1)
  Run using: ToolingApi
  Cleanup Tasks: []
  Tasks: [assemble]
  Gradle args: []
  Build changes: ApplyAbiChangeToKotlinSingleModuleSourceFileMutator(./src/main/java/org/gradle/test/performancenull_458/Productionnull_45800.kt)
  Warm-ups: 6
  Builds: 10
Scenario: Java_Clean using Gradle 4.4.1
  Gradle version: 4.4.1 (/Users/gesh/projects/gradle-performance-comparisons/single-large-half-kotlin-project/gradle-user-home/wrapper/dists/gradle-4.4.1-bin/46gopw3g8i1v3zqqx4q949t2x/gradle-4.4.1)
  Run using: ToolingApi
  Cleanup Tasks: []
  Tasks: [clean]
  Gradle args: []
  Build changes: none
  Warm-ups: 0
  Builds: 10
Scenario: Java_Non_ABI_Change_Single_Module using Gradle 4.4.1
  Gradle version: 4.4.1 (/Users/gesh/projects/gradle-performance-comparisons/single-large-half-kotlin-project/gradle-user-home/wrapper/dists/gradle-4.4.1-bin/46gopw3g8i1v3zqqx4q949t2x/gradle-4.4.1)
  Run using: ToolingApi
  Cleanup Tasks: []
  Tasks: [assemble]
  Gradle args: []
  Build changes: ApplyNonAbiChangeToKotlinSingleModuleSourceFileMutator(./src/main/java/org/gradle/test/performancenull_458/Productionnull_45800.kt)
  Warm-ups: 6
  Builds: 10

* Running scenario Java_ABI_Change_Single_Module using Gradle 4.4.1 (scenario 1/3)

* Stopping daemons
No Gradle daemons are running.

* Build details
Gradle version: 4.4.1
Java home: /Library/Java/JavaVirtualMachines/jdk1.8.0_101.jdk/Contents/Home
OS name: Mac OS X 10.13.2
JVM args:
  -Xms2g
  -Xmx2g
  -Dfile.encoding=UTF-8
  -Duser.country=US
  -Duser.language=en
  -Duser.variant
Gradle args:
  -I
  /var/folders/3l/wxv9rspj60j48p66dvygfm_hfglqd7/T/gradleProfilerPidInstrumentation2742620699751032944.gradle
  --gradle-user-home
  /Users/gesh/projects/gradle-performance-comparisons/single-large-half-kotlin-project/gradle-user-home

* Running warm-up build 1 with tasks [assemble]
Enabling incremental compiler
:compileKotlin
:compileJava
:processResources NO-SOURCE
:classes
:jar
:assemble

BUILD SUCCESSFUL in 2m 20s
3 actionable tasks: 3 executed
Used daemon with pid 23543
Execution time 140106ms

* Running warm-up build 2 with tasks [assemble]
Enabling incremental compiler
:compileKotlin
:compileJava
:processResources NO-SOURCE
:classes
:jar
:assemble

BUILD SUCCESSFUL in 21s
3 actionable tasks: 3 executed
Used daemon with pid 23543
Execution time 21118ms

* Running warm-up build 3 with tasks [assemble]
Enabling incremental compiler
:compileKotlin
:compileJava
:processResources NO-SOURCE
:classes
:jar
:assemble

BUILD SUCCESSFUL in 21s
3 actionable tasks: 3 executed
Used daemon with pid 23543
Execution time 21632ms

* Running warm-up build 4 with tasks [assemble]
Enabling incremental compiler
:compileKotlin
:compileJava
:processResources NO-SOURCE
:classes
:jar
:assemble

BUILD SUCCESSFUL in 21s
3 actionable tasks: 3 executed
Used daemon with pid 23543
Execution time 21941ms

* Running warm-up build 5 with tasks [assemble]
Enabling incremental compiler
:compileKotlin
:compileJava
:processResources NO-SOURCE
:classes
:jar
:assemble

BUILD SUCCESSFUL in 22s
3 actionable tasks: 3 executed
Used daemon with pid 23543
Execution time 22121ms

* Running warm-up build 6 with tasks [assemble]
Enabling incremental compiler
:compileKotlin
:compileJava
:processResources NO-SOURCE
:classes
:jar
:assemble

BUILD SUCCESSFUL in 22s
3 actionable tasks: 3 executed
Used daemon with pid 23543
Execution time 22156ms

* Using args for instrumented builds:

* Running build 1 with tasks [assemble]
Enabling incremental compiler
:compileKotlin
:compileJava
:processResources NO-SOURCE
:classes
:jar
:assemble

BUILD SUCCESSFUL in 19s
3 actionable tasks: 3 executed
Used daemon with pid 23543
Execution time 19825ms

* Running build 2 with tasks [assemble]
Enabling incremental compiler
:compileKotlin
:compileJava
:processResources NO-SOURCE
:classes
:jar
:assemble

BUILD SUCCESSFUL in 18s
3 actionable tasks: 3 executed
Used daemon with pid 23543
Execution time 19041ms

* Running build 3 with tasks [assemble]
Enabling incremental compiler
:compileKotlin
:compileJava
:processResources NO-SOURCE
:classes
:jar
:assemble

BUILD SUCCESSFUL in 15s
3 actionable tasks: 3 executed
Used daemon with pid 23543
Execution time 16007ms

* Running build 4 with tasks [assemble]
Enabling incremental compiler
:compileKotlin
:compileJava
:processResources NO-SOURCE
:classes
:jar
:assemble

BUILD SUCCESSFUL in 17s
3 actionable tasks: 3 executed
Used daemon with pid 23543
Execution time 17596ms

* Running build 5 with tasks [assemble]
Enabling incremental compiler
:compileKotlin
:compileJava
:processResources NO-SOURCE
:classes
:jar
:assemble

BUILD SUCCESSFUL in 17s
3 actionable tasks: 3 executed
Used daemon with pid 23543
Execution time 17393ms

* Running build 6 with tasks [assemble]
Enabling incremental compiler
:compileKotlin
:compileJava
:processResources NO-SOURCE
:classes
:jar
:assemble

BUILD SUCCESSFUL in 14s
3 actionable tasks: 3 executed
Used daemon with pid 23543
Execution time 15004ms

* Running build 7 with tasks [assemble]
Enabling incremental compiler
:compileKotlin
:compileJava
:processResources NO-SOURCE
:classes
:jar
:assemble

BUILD SUCCESSFUL in 13s
3 actionable tasks: 3 executed
Used daemon with pid 23543
Execution time 13973ms

* Running build 8 with tasks [assemble]
Enabling incremental compiler
:compileKotlin
:compileJava
:processResources NO-SOURCE
:classes
:jar
:assemble

BUILD SUCCESSFUL in 14s
3 actionable tasks: 3 executed
Used daemon with pid 23543
Execution time 14360ms

* Running build 9 with tasks [assemble]
Enabling incremental compiler
:compileKotlin
:compileJava
:processResources NO-SOURCE
:classes
:jar
:assemble

BUILD SUCCESSFUL in 15s
3 actionable tasks: 3 executed
Used daemon with pid 23543
Execution time 15617ms

* Running build 10 with tasks [assemble]
Enabling incremental compiler
:compileKotlin
:compileJava
:processResources NO-SOURCE
:classes
:jar
:assemble

BUILD SUCCESSFUL in 16s
3 actionable tasks: 3 executed
Used daemon with pid 23543
Execution time 16981ms

* Stopping daemons
Stopping Daemon(s)
1 Daemon stopped

* Running scenario Java_Clean using Gradle 4.4.1 (scenario 2/3)

* Stopping daemons
No Gradle daemons are running.

* Build details
Gradle version: 4.4.1
Java home: /Library/Java/JavaVirtualMachines/jdk1.8.0_101.jdk/Contents/Home
OS name: Mac OS X 10.13.2
JVM args:
  -Xms2g
  -Xmx2g
  -Dfile.encoding=UTF-8
  -Duser.country=US
  -Duser.language=en
  -Duser.variant
Gradle args:
  -I
  /var/folders/3l/wxv9rspj60j48p66dvygfm_hfglqd7/T/gradleProfilerPidInstrumentation2742620699751032944.gradle
  --gradle-user-home
  /Users/gesh/projects/gradle-performance-comparisons/single-large-half-kotlin-project/gradle-user-home

* Running warm-up build 1 with tasks [clean]
Enabling incremental compiler
:clean

BUILD SUCCESSFUL in 17s
1 actionable task: 1 executed
Used daemon with pid 23868
Execution time 17970ms

* Using args for instrumented builds:

* Running build 1 with tasks [clean]
Enabling incremental compiler
:clean

BUILD SUCCESSFUL in 0s
1 actionable task: 1 executed
Used daemon with pid 23868
Execution time 129ms

* Running build 2 with tasks [clean]
Enabling incremental compiler
:clean

BUILD SUCCESSFUL in 0s
1 actionable task: 1 executed
Used daemon with pid 23868
Execution time 113ms

* Running build 3 with tasks [clean]
Enabling incremental compiler
:clean

BUILD SUCCESSFUL in 0s
1 actionable task: 1 executed
Used daemon with pid 23868
Execution time 108ms

* Running build 4 with tasks [clean]
Enabling incremental compiler
:clean

BUILD SUCCESSFUL in 0s
1 actionable task: 1 executed
Used daemon with pid 23868
Execution time 97ms

* Running build 5 with tasks [clean]
Enabling incremental compiler
:clean

BUILD SUCCESSFUL in 0s
1 actionable task: 1 executed
Used daemon with pid 23868
Execution time 102ms

* Running build 6 with tasks [clean]
Enabling incremental compiler
:clean

BUILD SUCCESSFUL in 0s
1 actionable task: 1 executed
Used daemon with pid 23868
Execution time 94ms

* Running build 7 with tasks [clean]
Enabling incremental compiler
:clean

BUILD SUCCESSFUL in 0s
1 actionable task: 1 executed
Used daemon with pid 23868
Execution time 118ms

* Running build 8 with tasks [clean]
Enabling incremental compiler
:clean

BUILD SUCCESSFUL in 0s
1 actionable task: 1 executed
Used daemon with pid 23868
Execution time 103ms

* Running build 9 with tasks [clean]
Enabling incremental compiler
:clean

BUILD SUCCESSFUL in 0s
1 actionable task: 1 executed
Used daemon with pid 23868
Execution time 105ms

* Running build 10 with tasks [clean]
Enabling incremental compiler
:clean

BUILD SUCCESSFUL in 0s
1 actionable task: 1 executed
Used daemon with pid 23868
Execution time 107ms

* Stopping daemons
Stopping Daemon(s)
1 Daemon stopped

* Running scenario Java_Non_ABI_Change_Single_Module using Gradle 4.4.1 (scenario 3/3)

* Stopping daemons
No Gradle daemons are running.

* Build details
Gradle version: 4.4.1
Java home: /Library/Java/JavaVirtualMachines/jdk1.8.0_101.jdk/Contents/Home
OS name: Mac OS X 10.13.2
JVM args:
  -Xms2g
  -Xmx2g
  -Dfile.encoding=UTF-8
  -Duser.country=US
  -Duser.language=en
  -Duser.variant
Gradle args:
  -I
  /var/folders/3l/wxv9rspj60j48p66dvygfm_hfglqd7/T/gradleProfilerPidInstrumentation2742620699751032944.gradle
  --gradle-user-home
  /Users/gesh/projects/gradle-performance-comparisons/single-large-half-kotlin-project/gradle-user-home

* Running warm-up build 1 with tasks [assemble]
Enabling incremental compiler
:compileKotlin
:compileJava
:processResources NO-SOURCE
:classes
:jar
:assemble

BUILD SUCCESSFUL in 2m 20s
3 actionable tasks: 3 executed
Used daemon with pid 23906
Execution time 140279ms

* Running warm-up build 2 with tasks [assemble]
Enabling incremental compiler
:compileKotlin
:compileJava
:processResources NO-SOURCE
:classes
:jar
:assemble

BUILD SUCCESSFUL in 13s
3 actionable tasks: 3 executed
Used daemon with pid 23906
Execution time 14054ms

* Running warm-up build 3 with tasks [assemble]
Enabling incremental compiler
:compileKotlin
:compileJava
:processResources NO-SOURCE
:classes
:jar
:assemble

BUILD SUCCESSFUL in 13s
3 actionable tasks: 3 executed
Used daemon with pid 23906
Execution time 14018ms

* Running warm-up build 4 with tasks [assemble]
Enabling incremental compiler
:compileKotlin
:compileJava
:processResources NO-SOURCE
:classes
:jar
:assemble

BUILD SUCCESSFUL in 13s
3 actionable tasks: 3 executed
Used daemon with pid 23906
Execution time 14035ms

* Running warm-up build 5 with tasks [assemble]
Enabling incremental compiler
:compileKotlin
:compileJava
:processResources NO-SOURCE
:classes
:jar
:assemble

BUILD SUCCESSFUL in 15s
3 actionable tasks: 3 executed
Used daemon with pid 23906
Execution time 15316ms

* Running warm-up build 6 with tasks [assemble]
Enabling incremental compiler
:compileKotlin
:compileJava
:processResources NO-SOURCE
:classes
:jar
:assemble

BUILD SUCCESSFUL in 15s
3 actionable tasks: 3 executed
Used daemon with pid 23906
Execution time 15807ms

* Using args for instrumented builds:

* Running build 1 with tasks [assemble]
Enabling incremental compiler
:compileKotlin
:compileJava
:processResources NO-SOURCE
:classes
:jar
:assemble

BUILD SUCCESSFUL in 15s
3 actionable tasks: 3 executed
Used daemon with pid 23906
Execution time 15568ms

* Running build 2 with tasks [assemble]
Enabling incremental compiler
:compileKotlin
:compileJava
:processResources NO-SOURCE
:classes
:jar
:assemble

BUILD SUCCESSFUL in 14s
3 actionable tasks: 3 executed
Used daemon with pid 23906
Execution time 14979ms

* Running build 3 with tasks [assemble]
Enabling incremental compiler
:compileKotlin
:compileJava
:processResources NO-SOURCE
:classes
:jar
:assemble

BUILD SUCCESSFUL in 16s
3 actionable tasks: 3 executed
Used daemon with pid 23906
Execution time 16241ms

* Running build 4 with tasks [assemble]
Enabling incremental compiler
:compileKotlin
:compileJava
:processResources NO-SOURCE
:classes
:jar
:assemble

BUILD SUCCESSFUL in 14s
3 actionable tasks: 3 executed
Used daemon with pid 23906
Execution time 14890ms

* Running build 5 with tasks [assemble]
Enabling incremental compiler
:compileKotlin
:compileJava
:processResources NO-SOURCE
:classes
:jar
:assemble

BUILD SUCCESSFUL in 13s
3 actionable tasks: 3 executed
Used daemon with pid 23906
Execution time 13874ms

* Running build 6 with tasks [assemble]
Enabling incremental compiler
:compileKotlin
:compileJava
:processResources NO-SOURCE
:classes
:jar
:assemble

BUILD SUCCESSFUL in 13s
3 actionable tasks: 3 executed
Used daemon with pid 23906
Execution time 13708ms

* Running build 7 with tasks [assemble]
Enabling incremental compiler
:compileKotlin
:compileJava
:processResources NO-SOURCE
:classes
:jar
:assemble

BUILD SUCCESSFUL in 13s
3 actionable tasks: 3 executed
Used daemon with pid 23906
Execution time 13851ms

* Running build 8 with tasks [assemble]
Enabling incremental compiler
:compileKotlin
:compileJava
:processResources NO-SOURCE
:classes
:jar
:assemble

BUILD SUCCESSFUL in 13s
3 actionable tasks: 3 executed
Used daemon with pid 23906
Execution time 13849ms

* Running build 9 with tasks [assemble]
Enabling incremental compiler
:compileKotlin
:compileJava
:processResources NO-SOURCE
:classes
:jar
:assemble

BUILD SUCCESSFUL in 13s
3 actionable tasks: 3 executed
Used daemon with pid 23906
Execution time 13771ms

* Running build 10 with tasks [assemble]
Enabling incremental compiler
:compileKotlin
:compileJava
:processResources NO-SOURCE
:classes
:jar
:assemble

BUILD SUCCESSFUL in 13s
3 actionable tasks: 3 executed
Used daemon with pid 23906
Execution time 13805ms

* Stopping daemons
Stopping Daemon(s)
1 Daemon stopped

* Results written to /Users/gesh/projects/gradle-performance-comparisons/single-large-half-kotlin-project/profile-out-3

