
* Started at 2018-01-04T07:57:26.136Z

* Settings
Project dir: .
Output dir: profile-out-2
Profiler: none
Benchmark: true
Versions: []
Gradle User Home: gradle-user-home
Targets: []

* Inspecting Gradle version '4.4.1'
Download https://plugins.gradle.org/m2/org/jetbrains/kotlin/jvm/org.jetbrains.kotlin.jvm.gradle.plugin/1.2.10/org.jetbrains.kotlin.jvm.gradle.plugin-1.2.10.pom
Download https://plugins.gradle.org/m2/org/jetbrains/kotlin/kotlin-gradle-plugin/1.2.10/kotlin-gradle-plugin-1.2.10.pom
Download https://plugins.gradle.org/m2/org/jetbrains/kotlin/kotlin-stdlib/1.2.10/kotlin-stdlib-1.2.10.pom
Download https://plugins.gradle.org/m2/org/jetbrains/kotlin/kotlin-annotation-processing-gradle/1.2.10/kotlin-annotation-processing-gradle-1.2.10.pom
Download https://plugins.gradle.org/m2/org/jetbrains/kotlin/kotlin-compiler-embeddable/1.2.10/kotlin-compiler-embeddable-1.2.10.pom
Download https://plugins.gradle.org/m2/org/jetbrains/kotlin/kotlin-gradle-plugin-api/1.2.10/kotlin-gradle-plugin-api-1.2.10.pom
Download https://plugins.gradle.org/m2/org/jetbrains/kotlin/kotlin-compiler-runner/1.2.10/kotlin-compiler-runner-1.2.10.pom
Download https://plugins.gradle.org/m2/org/jetbrains/kotlin/kotlin-android-extensions/1.2.10/kotlin-android-extensions-1.2.10.pom
Download https://plugins.gradle.org/m2/org/jetbrains/annotations/13.0/annotations-13.0.pom
Download https://plugins.gradle.org/m2/org/jetbrains/kotlin/kotlin-reflect/1.2.10/kotlin-reflect-1.2.10.pom
Download https://plugins.gradle.org/m2/org/jetbrains/kotlin/kotlin-script-runtime/1.2.10/kotlin-script-runtime-1.2.10.pom
Download https://plugins.gradle.org/m2/org/jetbrains/kotlin/kotlin-build-common/1.2.10/kotlin-build-common-1.2.10.pom
Download https://plugins.gradle.org/m2/org/jetbrains/kotlin/kotlin-daemon-client/1.2.10/kotlin-daemon-client-1.2.10.pom
Download https://plugins.gradle.org/m2/org/jetbrains/kotlin/kotlin-gradle-plugin-api/1.2.10/kotlin-gradle-plugin-api-1.2.10.jar
Download https://plugins.gradle.org/m2/org/jetbrains/kotlin/kotlin-compiler-runner/1.2.10/kotlin-compiler-runner-1.2.10.jar
Download https://plugins.gradle.org/m2/org/jetbrains/kotlin/kotlin-reflect/1.2.10/kotlin-reflect-1.2.10.jar
Download https://plugins.gradle.org/m2/org/jetbrains/kotlin/kotlin-android-extensions/1.2.10/kotlin-android-extensions-1.2.10.jar
Download https://plugins.gradle.org/m2/org/jetbrains/kotlin/kotlin-annotation-processing-gradle/1.2.10/kotlin-annotation-processing-gradle-1.2.10.jar
Download https://plugins.gradle.org/m2/org/jetbrains/kotlin/kotlin-stdlib/1.2.10/kotlin-stdlib-1.2.10.jar
Download https://plugins.gradle.org/m2/org/jetbrains/kotlin/kotlin-compiler-embeddable/1.2.10/kotlin-compiler-embeddable-1.2.10.jar
Download https://plugins.gradle.org/m2/org/jetbrains/kotlin/kotlin-gradle-plugin/1.2.10/kotlin-gradle-plugin-1.2.10.jar
Download https://plugins.gradle.org/m2/org/jetbrains/annotations/13.0/annotations-13.0.jar
Download https://plugins.gradle.org/m2/org/jetbrains/kotlin/kotlin-script-runtime/1.2.10/kotlin-script-runtime-1.2.10.jar
Download https://plugins.gradle.org/m2/org/jetbrains/kotlin/kotlin-build-common/1.2.10/kotlin-build-common-1.2.10.jar
Download https://plugins.gradle.org/m2/org/jetbrains/kotlin/kotlin-daemon-client/1.2.10/kotlin-daemon-client-1.2.10.jar
Build file '/Users/gesh/projects/gradle-performance-comparisons/single-large-half-kotlin-project/build.gradle' is using GradleVersion from the private org.gradle.util package without an explicit import. Please either stop using these internal classes (recommended) or import them explicitly at the top of your build file. The implicit import is deprecated and will be removed in Gradle 5.0
Enabling incremental compiler
:help

Welcome to Gradle 4.4.1.

To run a build, run gradle <task> ...

To see a list of available tasks, run gradle tasks

To see a list of command-line options, run gradle --help

To see more detail about a task, run gradle help --task <task>

BUILD SUCCESSFUL in 12s
1 actionable task: 1 executed

* Stopping daemons
Stopping Daemon(s)
1 Daemon stopped

* Scenarios
Scenario: Java_ABI_Change_Single_Module using Gradle 4.4.1
  Gradle version: 4.4.1 (/Users/gesh/projects/gradle-performance-comparisons/single-large-half-kotlin-project/gradle-user-home/wrapper/dists/gradle-4.4.1-bin/46gopw3g8i1v3zqqx4q949t2x/gradle-4.4.1)
  Run using: ToolingApi
  Cleanup Tasks: []
  Tasks: [assemble]
  Gradle args: []
  Build changes: ApplyAbiChangeToKotlinSingleModuleSourceFileMutator(./src/main/java/org/gradle/test/performancenull_458/Productionnull_45800.kt)
  Warm-ups: 6
  Builds: 10
Scenario: Java_Clean using Gradle 4.4.1
  Gradle version: 4.4.1 (/Users/gesh/projects/gradle-performance-comparisons/single-large-half-kotlin-project/gradle-user-home/wrapper/dists/gradle-4.4.1-bin/46gopw3g8i1v3zqqx4q949t2x/gradle-4.4.1)
  Run using: ToolingApi
  Cleanup Tasks: []
  Tasks: [clean]
  Gradle args: []
  Build changes: none
  Warm-ups: 0
  Builds: 10
Scenario: Java_Non_ABI_Change_Single_Module using Gradle 4.4.1
  Gradle version: 4.4.1 (/Users/gesh/projects/gradle-performance-comparisons/single-large-half-kotlin-project/gradle-user-home/wrapper/dists/gradle-4.4.1-bin/46gopw3g8i1v3zqqx4q949t2x/gradle-4.4.1)
  Run using: ToolingApi
  Cleanup Tasks: []
  Tasks: [assemble]
  Gradle args: []
  Build changes: ApplyNonAbiChangeToKotlinSingleModuleSourceFileMutator(./src/main/java/org/gradle/test/performancenull_458/Productionnull_45800.kt)
  Warm-ups: 6
  Builds: 10

* Running scenario Java_ABI_Change_Single_Module using Gradle 4.4.1 (scenario 1/3)

* Stopping daemons
No Gradle daemons are running.

* Build details
Gradle version: 4.4.1
Java home: /Library/Java/JavaVirtualMachines/jdk1.8.0_101.jdk/Contents/Home
OS name: Mac OS X 10.13.2
JVM args:
  -Xms2g
  -Xmx2g
  -Dfile.encoding=UTF-8
  -Duser.country=US
  -Duser.language=en
  -Duser.variant
Gradle args:
  -I
  /var/folders/3l/wxv9rspj60j48p66dvygfm_hfglqd7/T/gradleProfilerPidInstrumentation4483069296395479089.gradle
  --gradle-user-home
  /Users/gesh/projects/gradle-performance-comparisons/single-large-half-kotlin-project/gradle-user-home

* Running warm-up build 1 with tasks [assemble]
Enabling incremental compiler
:compileKotlin